********************************************************************************
PACKAGE-LOG: 2016-08-22 20:31:35
NOTICE: Do NOT post to public sites or forums 
********************************************************************************
VERSION:	1.1.16
WORDPRESS:	4.6
PHP INFO:	7.0.0 | SAPI: apache2handler
SERVER:		Apache/2.2.29 (Unix) mod_wsgi/3.5 Python/2.7.10 PHP/7.0.0 mod_ssl/2.2.29 OpenSSL/0.9.8zh DAV/2 mod_fastcgi/2.4.6 mod_perl/2.0.9 Perl/v5.22.0 
PHP TIME LIMIT: (0) no time limit imposed 
PHP MAX MEMORY: 2048M (128M default) 
MEMORY STACK: 4MB 

********************************************************************************
DATABASE:
********************************************************************************
BUILD MODE:   PHP(query limit - 100)
MYSQLTIMEOUT: 5000
MYSQLDUMP:    Not Supported 
TABLES: total:14 | filtered:0 | create:14 
FILTERED: [] 
SQL CREATED: 20160822_riceonlinelearning_57bb612189d367377160822203129_database.sql 
SQL FILE SIZE: 358.75KB (367365) 
SQL FILE TIME: 2016-08-22 20:31:35 
SQL RUNTIME: 0.06 sec. 

******************************************************************************** 
ARCHIVE (ZIP): 
******************************************************************************** 
ARCHIVE DIR:  /Users/rickceleita/Documents/__Websites/rice_online 
ARCHIVE FILE: 20160822_riceonlinelearning_57bb612189d367377160822203129_archive.zip 
FILTERS: *OFF* 
DIRS:  not set 
EXTS:  not set 
---------------------------------------- 
COMPRESSING 
SIZE:	58.28MB 
STATS:	Dirs 535 | Files 5,481 
SQL ADDED: 20160822_riceonlinelearning_57bb612189d367377160822203129_database.sql 
ZipArchive Object
(
    [status] => 0
    [statusSys] => 0
    [numFiles] => 6016
    [filename] => /Users/rickceleita/Documents/__Websites/rice_online/wp-snapshots/tmp/20160822_riceonlinelearning_57bb612189d367377160822203129_archive.zip
    [comment] => 
)
 
COMPRESSION RESULT: '1' 
COMPRESSED SIZE: 37.05MB 
ARCHIVE RUNTIME: 10.25 sec. 
MEMORY STACK: 6MB 

******************************************************************************** 
MAKE INSTALLER: 
******************************************************************************** 
Build Start 
Build Finished 
Preping for use 
Template parsed with new data 
Complete [/Users/rickceleita/Documents/__Websites/rice_online/wp-snapshots/tmp/20160822_riceonlinelearning_57bb612189d367377160822203129_installer.php] 
Added to archive 

******************************************************************************** 
INTEGRITY CHECKS: 
******************************************************************************** 
SQL File: 358.75KB 
Installer File: 347.66KB 
Archive File: 37.05MB  

********************************************************************************
RECORD ID:[1]
TOTAL PROCESS RUNTIME: 10.93 sec.
PEAK PHP MEMORY USED: 6MB
DONE PROCESSING => 20160822_riceonlinelearning 2016-08-22 20:31:46
 
